0 info it worked if it ends with ok
1 verbose cli [ '/usr/bin/nodejs',
1 verbose cli   '/usr/bin/npm',
1 verbose cli   'install',
1 verbose cli   '-g',
1 verbose cli   'generator-foundation-browserif' ]
2 info using npm@3.3.12
3 info using node@v5.5.0
4 silly loadCurrentTree Starting
5 silly install loadCurrentTree
6 silly install readGlobalPackageData
7 silly fetchPackageMetaData generator-foundation-browserif
8 silly fetchNamedPackageData generator-foundation-browserif
9 silly mapToRegistry name generator-foundation-browserif
10 silly mapToRegistry using default registry
11 silly mapToRegistry registry http://192.168.2.160:8080/
12 silly mapToRegistry uri http://192.168.2.160:8080/generator-foundation-browserif
13 verbose request uri http://192.168.2.160:8080/generator-foundation-browserif
14 verbose request no auth needed
15 info attempt registry request try #1 at 13:24:16
16 verbose request id 46aa9bd8ad9fc548
17 http request GET http://192.168.2.160:8080/generator-foundation-browserif
18 http 404 http://192.168.2.160:8080/generator-foundation-browserif
19 verbose headers { date: 'Wed, 10 Feb 2016 12:24:17 GMT',
19 verbose headers   connection: 'keep-alive',
19 verbose headers   'transfer-encoding': 'chunked' }
20 silly get cb [ 404,
20 silly get   { date: 'Wed, 10 Feb 2016 12:24:17 GMT',
20 silly get     connection: 'keep-alive',
20 silly get     'transfer-encoding': 'chunked' } ]
21 silly fetchPackageMetaData Error: Registry returned 404 for GET on http://192.168.2.160:8080/generator-foundation-browserif
21 silly fetchPackageMetaData     at makeError (/usr/lib/node_modules/npm/node_modules/npm-registry-client/lib/request.js:264:12)
21 silly fetchPackageMetaData     at CachingRegistryClient.<anonymous> (/usr/lib/node_modules/npm/node_modules/npm-registry-client/lib/request.js:242:14)
21 silly fetchPackageMetaData     at Request._callback (/usr/lib/node_modules/npm/node_modules/npm-registry-client/lib/request.js:172:14)
21 silly fetchPackageMetaData     at Request.self.callback (/usr/lib/node_modules/npm/node_modules/request/request.js:198:22)
21 silly fetchPackageMetaData     at emitTwo (events.js:100:13)
21 silly fetchPackageMetaData     at Request.emit (events.js:185:7)
21 silly fetchPackageMetaData     at Request.<anonymous> (/usr/lib/node_modules/npm/node_modules/request/request.js:1082:10)
21 silly fetchPackageMetaData     at emitOne (events.js:95:20)
21 silly fetchPackageMetaData     at Request.emit (events.js:182:7)
21 silly fetchPackageMetaData     at IncomingMessage.<anonymous> (/usr/lib/node_modules/npm/node_modules/request/request.js:1009:12)
21 silly fetchPackageMetaData  error for generator-foundation-browserif { [Error: Registry returned 404 for GET on http://192.168.2.160:8080/generator-foundation-browserif]
21 silly fetchPackageMetaData   pkgid: 'generator-foundation-browserif',
21 silly fetchPackageMetaData   statusCode: 404,
21 silly fetchPackageMetaData   code: 'E404' }
22 silly rollbackFailedOptional Starting
23 silly rollbackFailedOptional Finishing
24 silly runTopLevelLifecycles Starting
25 silly runTopLevelLifecycles Finishing
26 silly install printInstalled
27 verbose stack Error: Registry returned 404 for GET on http://192.168.2.160:8080/generator-foundation-browserif
27 verbose stack     at makeError (/usr/lib/node_modules/npm/node_modules/npm-registry-client/lib/request.js:264:12)
27 verbose stack     at CachingRegistryClient.<anonymous> (/usr/lib/node_modules/npm/node_modules/npm-registry-client/lib/request.js:242:14)
27 verbose stack     at Request._callback (/usr/lib/node_modules/npm/node_modules/npm-registry-client/lib/request.js:172:14)
27 verbose stack     at Request.self.callback (/usr/lib/node_modules/npm/node_modules/request/request.js:198:22)
27 verbose stack     at emitTwo (events.js:100:13)
27 verbose stack     at Request.emit (events.js:185:7)
27 verbose stack     at Request.<anonymous> (/usr/lib/node_modules/npm/node_modules/request/request.js:1082:10)
27 verbose stack     at emitOne (events.js:95:20)
27 verbose stack     at Request.emit (events.js:182:7)
27 verbose stack     at IncomingMessage.<anonymous> (/usr/lib/node_modules/npm/node_modules/request/request.js:1009:12)
28 verbose statusCode 404
29 verbose pkgid generator-foundation-browserif
30 verbose cwd /home/alumne/Escritorio/M8/yeoman
31 error Linux 3.19.0-33-generic
32 error argv "/usr/bin/nodejs" "/usr/bin/npm" "install" "-g" "generator-foundation-browserif"
33 error node v5.5.0
34 error npm  v3.3.12
35 error code E404
36 error 404 Registry returned 404 for GET on http://192.168.2.160:8080/generator-foundation-browserif
36 error 404
36 error 404 'generator-foundation-browserif' is not in the npm registry.
36 error 404 You should bug the author to publish it (or use the name yourself!)
36 error 404
36 error 404 Note that you can also install from a
36 error 404 tarball, folder, http url, or git url.
37 verbose exit [ 1, true ]
